<?xml version="1.0" encoding="UTF-8"?>
<testsuite xmlns:xsi="http://www.w3.org/2001/XMLSchema-instance" xsi:noNamespaceSchemaLocation="https://maven.apache.org/surefire/maven-surefire-plugin/xsd/surefire-test-report.xsd" name="main.GameTest" time="0.537" tests="5" errors="0" skipped="0" failures="0">
  <properties>
[...]
</properties>
  <testcase name="snakeOutOfBoundsTest on snakeOutOfBoundsTest(main.GameTest)" classname="main.GameTest" time="0.055"/>
  <testcase name="snakeCanGrowTest on snakeCanGrowTest(main.GameTest)" classname="main.GameTest" time="0"/>
  <testcase name="snakeFoodCollisionTest on snakeFoodCollisionTest(main.GameTest)" classname="main.GameTest" time="0"/>
  <testcase name="snakeMovesTest on snakeMovesTest(main.GameTest)" classname="main.GameTest" time="0"/>
  <testcase name="snakeCanDieTest on snakeCanDieTest(main.GameTest)" classname="main.GameTest" time="0"/>
</testsuite>