<?xml version="1.0" encoding="UTF-8"?>
<!-- Generated by org.testng.reporters.JUnitXMLReporter -->
<testsuite ignored="0" hostname="MacBook-Pro-tilhrende-Frederik-2.local" failures="0" tests="5" name="Surefire test" time="0.149" errors="0" timestamp="2022-11-18T18:39:52 CET">
  <testcase classname="main.GameTest" name="snakeOutOfBoundsTest on snakeOutOfBoundsTest(main.GameTest)" time="0.031"/>
  <testcase classname="main.GameTest" name="snakeCanGrowTest on snakeCanGrowTest(main.GameTest)" time="0.07"/>
  <testcase classname="main.GameTest" name="snakeFoodCollisionTest on snakeFoodCollisionTest(main.GameTest)" time="0.07"/>
  <testcase classname="main.GameTest" name="snakeMovesTest on snakeMovesTest(main.GameTest)" time="0.071"/>
  <testcase classname="main.GameTest" name="snakeCanDieTest on snakeCanDieTest(main.GameTest)" time="0.07"/>
</testsuite> <!-- Surefire test -->
